<?xml version="1.0" encoding="UTF-8" ?>
<testsuite errors="0" failures="0" hostname="X201" name="com.example.TestHello" skipped="0" tests="1" time="0.115" timestamp="2014-03-21T16:22:24">
  <properties>
[...]
</properties>
  <testcase classname="com.example.TestHello" name="testSayHello" time="0.005" />
  <system-out><![CDATA[Hello world!
class: [Z
class: [B
class: [C
class: [S
class: [I
class: [J
class: [D
class: [Ljava.lang.String;
]]></system-out>
  <system-err><![CDATA[]]></system-err>
</testsuite>
